<?xml version="1.0" encoding="UTF-8"?>
<!-- Generated by org.testng.reporters.JUnitReportReporter -->
<testsuite skipped="0" hostname="IBM-Testing01" name="test.Googledemo" tests="2" failures="0" timestamp="09 Mar 2020 07:02:55 GMT" time="26.354" errors="0">
  <testcase name="checklogo" time="14.239" classname="test.Googledemo"/>
  <testcase name="checkurl" time="12.115" classname="test.Googledemo"/>
</testsuite> <!-- test.Googledemo -->
